- 外観
	黒基調、アルファ0.8くらいの透過
	@, DMは専用ボタンを表示
	
- 機能
	基本はTLのみ表示
		@, DMは上部エリアにボタンを設置、押下するとTLエリアにオーバーレイ表示
		新着があれば、ボタンに！アイコン
	search、listの表示をメインエリアに追加可能
		上部エリアに+アイコンを表示させる。これの押下により追加可能
		search、listのviewはTLにオーバーレイさせず、ブラウザのようにタブ追加
	設定パネルも上部エリアのアイコンから設定可能にする

	TL上のアクション
		TL上にあるツイートはいずれかが選択されている状態
		ツイートにはアクションという操作が可能、リプライ等ができる
			ツイートの横に→　アイコンを表示、それをクリックでコンテキストメニュー
		実行できるアクション
			リプライ	@username が入力されている状態でツイートウィンドウ
			DM	D @username が入力されている状態でツイートウィンドウ
			fav	 そのツイートをfav
			(とりあえず未定)そのユーザー情報
				アクションをコンテキストメニューで出さず、yorufukurouっぽくするのもありか

	上部エリアに表示させるアイコン
		鉛筆	ツイートする
		＋	search, listのviewを追加
		@	mentionのviewをオーバーレイ
		手紙	DMのviewをオーバーレイ
		歯車	設定ウィンドウを表示
		(とりあえず未定)人	アカウントの切り替え

	キーバインド
		yorufukurouのようにfavとかreplayには割り当てない
		jkでviewのcurrentを移動
		gtでメインエリアのタブを移動
		ggでviewの先頭に
	
	設定できる項目
		

- 開発
